DiagnosticsPlugin.exe Information: 0 : [04,27,2017 12:28:35 AM] Starting DiagnosticPlugin.exe DiagnosticPlugin-ShutdownEvent DiagnosticPlugin-TotalShutdownEvent -wadVer1v5
DiagnosticsPlugin.exe Error: 0 : [04,27,2017 12:28:35 AM] Failed to save IIS Directory state
DiagnosticsPlugin.exe Error: 0 : [04,27,2017 12:28:35 AM] System.Runtime.InteropServices.COMException (0x80040154): Retrieving the COM class factory for component with CLSID {2B72133B-3F5B-4602-8952-803546CE3344} failed due to the following error: 80040154 Class not registered (Exception from HRESULT: 0x80040154 (REGDB_E_CLASSNOTREG)).
   at System.Runtime.Remoting.RemotingServices.AllocateUninitializedObject(RuntimeType objectType)
   at System.Runtime.Remoting.Activation.ActivationServices.CreateInstance(RuntimeType serverType)
   at System.Runtime.Remoting.Activation.ActivationServices.IsCurrentContextOK(RuntimeType serverType, Object[] props, Boolean bNewObj)
   at System.RuntimeTypeHandle.CreateInstance(RuntimeType type, Boolean publicOnly, Boolean noCheck, Boolean& canBeCached, RuntimeMethodHandleInternal& ctor, Boolean& bNeedSecurityCheck)
   at System.RuntimeType.CreateInstanceSlow(Boolean publicOnly, Boolean skipCheckThis, Boolean fillCache, StackCrawlMark& stackMark)
   at System.Activator.CreateInstance[T]()
   at Microsoft.Web.Administration.ConfigurationManager.CreateAdminManager[TClass,TInterface](WebConfigurationMap webConfigMap, Boolean isAdminConfig)
   at Microsoft.Web.Administration.ConfigurationManager.CreateConfiguration(WebConfigurationMap configMap, String configPathToEdit, Boolean isAdminConfig)
   at Microsoft.Web.Administration.ConfigurationManager.GetConfiguration(String rawConfigurationPath, String cacheKey, Boolean isAdminConfig)
   at Microsoft.Web.Administration.ServerManager.get_SitesSection()
   at Microsoft.Web.Administration.ServerManager.get_Sites()
   at Microsoft.Azure.Plugins.Plugin.DiagnosticsPluginManager.SaveIISDirectoryState()
DiagnosticsPlugin.exe Information: 0 : [04,27,2017 12:28:36 AM] Starting DiagnosticsPlugin
DiagnosticsPlugin.exe Information: 0 : [04,27,2017 12:28:36 AM] Emulator config file set to C:\Users\brand\Desktop\Tuber\Server\MyRESTService\MyRESTService.Azure\csx\Debug\roles\MyRESTService\approot\diagnostics.wadcfgx
DiagnosticsPlugin.exe Information: 0 : [04,27,2017 12:28:36 AM] DiagnosticsStoreRootPath set to: C:\Users\brand\AppData\Local\dftmp\Resources\84bfda76-bc1a-42c8-ae0e-f9028bae6e27
DiagnosticsPlugin.exe Information: 0 : [04,27,2017 12:28:36 AM] Loading config file: C:\Users\brand\Desktop\Tuber\Server\MyRESTService\MyRESTService.Azure\csx\Debug\roles\MyRESTService\approot\diagnostics.wadcfgx
DiagnosticsPlugin.exe Information: 0 : [04,27,2017 12:28:36 AM] Config file to read: C:\Users\brand\Desktop\Tuber\Server\MyRESTService\MyRESTService.Azure\csx\Debug\roles\MyRESTService\approot\diagnostics.wadcfgx
DiagnosticsPlugin.exe Information: 0 : [04,27,2017 12:28:36 AM] Checking VM Type
DiagnosticsPlugin.exe Information: 0 : [04,27,2017 12:28:36 AM] Emulator config file set to C:\Users\brand\Desktop\Tuber\Server\MyRESTService\MyRESTService.Azure\csx\Debug\roles\MyRESTService\approot\diagnostics.wadcfgx
DiagnosticsPlugin.exe Information: 0 : [04,27,2017 12:28:36 AM] Extension set to Emulator Mode
DiagnosticsPlugin.exe Information: 0 : [04,27,2017 12:28:36 AM] Reading XML configuration file
DiagnosticsPlugin.exe Information: 0 : [04,27,2017 12:28:36 AM] Bypassing private config decryption
DiagnosticsPlugin.exe Information: 0 : [04,27,2017 12:28:36 AM] WadCfg is provided in initial configuration. Using that to initialize Diagnostics.
DiagnosticsPlugin.exe Information: 0 : [04,27,2017 12:28:36 AM] <PublicConfig xmlns="http://schemas.microsoft.com/ServiceHosting/2010/10/DiagnosticsConfiguration">
  <WadCfg>
    <DiagnosticMonitorConfiguration overallQuotaInMB="4096" sinks="applicationInsights.errors">
      <DiagnosticInfrastructureLogs scheduledTransferLogLevelFilter="Error" />
      <Directories scheduledTransferPeriod="PT1M">
        <IISLogs containerName="wad-iis-logfiles" />
        <FailedRequestLogs containerName="wad-failedrequestlogs" />
      </Directories>
      <PerformanceCounters scheduledTransferPeriod="PT1M">
        <PerformanceCounterConfiguration counterSpecifier="\Memory\Available MBytes" sampleRate="PT3M" />
        <PerformanceCounterConfiguration counterSpecifier="\Web Service(_Total)\ISAPI Extension Requests/sec" sampleRate="PT3M" />
        <PerformanceCounterConfiguration counterSpecifier="\Web Service(_Total)\Bytes Total/Sec" sampleRate="PT3M" />
        <PerformanceCounterConfiguration counterSpecifier="\ASP.NET Applications(__Total__)\Requests/Sec" sampleRate="PT3M" />
        <PerformanceCounterConfiguration counterSpecifier="\ASP.NET Applications(__Total__)\Errors Total/Sec" sampleRate="PT3M" />
        <PerformanceCounterConfiguration counterSpecifier="\ASP.NET\Requests Queued" sampleRate="PT3M" />
        <PerformanceCounterConfiguration counterSpecifier="\ASP.NET\Requests Rejected" sampleRate="PT3M" />
        <PerformanceCounterConfiguration counterSpecifier="\Processor(_Total)\% Processor Time" sampleRate="PT3M" />
      </PerformanceCounters>
      <WindowsEventLog scheduledTransferPeriod="PT1M">
        <DataSource name="Application!*[System[(Level=1 or Level=2 or Level=3)]]" />
        <DataSource name="Windows Azure!*[System[(Level=1 or Level=2 or Level=3 or Level=4)]]" />
      </WindowsEventLog>
      <CrashDumps>
        <CrashDumpConfiguration processName="WaIISHost.exe" />
        <CrashDumpConfiguration processName="WaWorkerHost.exe" />
        <CrashDumpConfiguration processName="w3wp.exe" />
      </CrashDumps>
      <Logs scheduledTransferPeriod="PT1M" scheduledTransferLogLevelFilter="Error" />
    </DiagnosticMonitorConfiguration>
    <SinksConfig>
      <Sink name="applicationInsights">
        <ApplicationInsights>ab37550d-ea4d-4520-93cd-e47f52a43dca</ApplicationInsights>
        <Channels>
          <Channel logLevel="Error" name="errors" />
        </Channels>
      </Sink>
    </SinksConfig>
  </WadCfg>
  <StorageAccount>devstoreaccount1</StorageAccount>
</PublicConfig>
DiagnosticsPlugin.exe Information: 0 : [04,27,2017 12:28:36 AM] Private setting is loaded
DiagnosticsPlugin.exe Information: 0 : [04,27,2017 12:28:36 AM] Is config json/xml loaded
DiagnosticsPlugin.exe Information: 0 : [04,27,2017 12:28:36 AM] Checking if configuration needs to be fetched from the storage account and doing so if needed.
DiagnosticsPlugin.exe Information: 0 : [04,27,2017 12:28:36 AM] Successfully created checkpoint file C:\Users\brand\AppData\Local\dftmp\Resources\84bfda76-bc1a-42c8-ae0e-f9028bae6e27\WAD0105\Configuration\Checkpoint.txt
DiagnosticsPlugin.exe Information: 0 : [04,27,2017 12:28:36 AM] Will use local resource directory C:\Users\brand\AppData\Local\dftmp\Resources\84bfda76-bc1a-42c8-ae0e-f9028bae6e27\WAD0105
DiagnosticsPlugin.exe Information: 0 : [04,27,2017 12:28:36 AM] Will use endpoint https://core.windows.net for storage.
DiagnosticsPlugin.exe Information: 0 : [04,27,2017 12:28:36 AM] Exception in creating the ServerManager; is IIS installed?
 Error:System.Runtime.InteropServices.COMException (0x80040154): Retrieving the COM class factory for component with CLSID {2B72133B-3F5B-4602-8952-803546CE3344} failed due to the following error: 80040154 Class not registered (Exception from HRESULT: 0x80040154 (REGDB_E_CLASSNOTREG)).
   at System.Runtime.Remoting.RemotingServices.AllocateUninitializedObject(RuntimeType objectType)
   at System.Runtime.Remoting.Activation.ActivationServices.CreateInstance(RuntimeType serverType)
   at System.Runtime.Remoting.Activation.ActivationServices.IsCurrentContextOK(RuntimeType serverType, Object[] props, Boolean bNewObj)
   at System.RuntimeTypeHandle.CreateInstance(RuntimeType type, Boolean publicOnly, Boolean noCheck, Boolean& canBeCached, RuntimeMethodHandleInternal& ctor, Boolean& bNeedSecurityCheck)
   at System.RuntimeType.CreateInstanceSlow(Boolean publicOnly, Boolean skipCheckThis, Boolean fillCache, StackCrawlMark& stackMark)
   at System.Activator.CreateInstance[T]()
   at Microsoft.Web.Administration.ConfigurationManager.CreateAdminManager[TClass,TInterface](WebConfigurationMap webConfigMap, Boolean isAdminConfig)
   at Microsoft.Web.Administration.ConfigurationManager.CreateConfiguration(WebConfigurationMap configMap, String configPathToEdit, Boolean isAdminConfig)
   at Microsoft.Web.Administration.ConfigurationManager.GetConfiguration(String rawConfigurationPath, String cacheKey, Boolean isAdminConfig)
   at Microsoft.Web.Administration.ServerManager.get_SitesSection()
   at Microsoft.Web.Administration.ServerManager.get_Sites()
   at Microsoft.Azure.Plugins.Plugin.WadConfigProcessor.AddDirectories(EventsType mdsEvents, Directories wadDirectories)
DiagnosticsPlugin.exe Information: 0 : [04,27,2017 12:28:36 AM] Running in emulator mode, crash dumps not enabled
DiagnosticsPlugin.exe Information: 0 : [04,27,2017 12:28:36 AM] Checking to see if Application Insights extension needs to be configured.
DiagnosticsPlugin.exe Information: 0 : [04,27,2017 12:28:36 AM] Adding Application Insights extension to MA config
DiagnosticsPlugin.exe Information: 0 : [04,27,2017 12:28:36 AM] In emulator mode and using devstore updating XStoreAccount info, command line args: -LocalPath "C:\Users\brand\AppData\Local\dftmp\Resources\84bfda76-bc1a-42c8-ae0e-f9028bae6e27\WAD0105"  -ConfigFile "C:\Users\brand\AppData\Local\dftmp\Resources\84bfda76-bc1a-42c8-ae0e-f9028bae6e27\WAD0105\Configuration\MaConfig.xml" -ShutDownEvent WADDM-ShutDown-2b50b098961c4be3b3f6f6ca935d3d5e  -TotalShutDownEvent WADDM-TotalShutDown-2b50b098961c4be3b3f6f6ca935d3d5e -InitializedEvent WADM-StartUp-2b50b098961c4be3b3f6f6ca935d3d5e -parent 21152 -events -wadVer1v5 -UseProxyServer -XStoreAccounts WadAccount#true#devstoreaccount1#Eby8vdM02xNOcqFlqUwJPLlmEtlCDXJ1OUzFT50uSRZ6IFsuFq2UVErCz4I6tq/K1SZFPTOtr/KBHBeksoGMGw==#http://127.0.0.1:10002#http://127.0.0.1:10001#http://127.0.0.1:10000
DiagnosticsPlugin.exe Error: 0 : [04,27,2017 12:29:06 AM] Microsoft.Cis.Monitoring.Query.QueryException: ErrorFail
   at Microsoft.Cis.Monitoring.Query.QueryLocalTable..ctor(String TableName, String TablePath)
   at ApplicationInsightsExtension.MATableReader.ReadTableRecords(String tableName, String tablePath, DateTime startTime, DateTime endTime)
   at Microsoft.Azure.Plugins.Diagnostics.dll.MAStatusWriter.UpdateStatusReport(Object sender, ElapsedEventArgs e)
DiagnosticsPlugin.exe Information: 0 : [04,27,2017 12:29:36 AM] MonAgentHost.exe started
DiagnosticsPlugin.exe Information: 0 : [04,27,2017 12:29:36 AM] DiagnoticsPlugin started.
DiagnosticsPlugin.exe Information: 0 : [04,27,2017 12:29:36 AM] DiagnoticsPlugin now waiting on events "DiagnosticPlugin-ShutdownEvent", "DiagnosticPlugin-TotalShutdownEvent" or "DiagnosticPlugin-RestartEvent".
DiagnosticsPlugin.exe Error: 0 : [04,27,2017 12:29:36 AM] Microsoft.Cis.Monitoring.Query.QueryException: ErrorFail
   at Microsoft.Cis.Monitoring.Query.QueryLocalTable..ctor(String TableName, String TablePath)
   at ApplicationInsightsExtension.MATableReader.ReadTableRecords(String tableName, String tablePath, DateTime startTime, DateTime endTime)
   at Microsoft.Azure.Plugins.Diagnostics.dll.MAStatusWriter.UpdateStatusReport(Object sender, ElapsedEventArgs e)
DiagnosticsPlugin.exe Error: 0 : [04,27,2017 12:30:06 AM] Microsoft.Cis.Monitoring.Query.QueryException: ErrorFail
   at Microsoft.Cis.Monitoring.Query.QueryLocalTable..ctor(String TableName, String TablePath)
   at ApplicationInsightsExtension.MATableReader.ReadTableRecords(String tableName, String tablePath, DateTime startTime, DateTime endTime)
   at Microsoft.Azure.Plugins.Diagnostics.dll.MAStatusWriter.UpdateStatusReport(Object sender, ElapsedEventArgs e)
